    Checking stellar-freelancer-contract v0.1.0 (/home/phantom-call/stellar-creator-portfolio/backend/contracts/freelancer)
warning: use of deprecated method `soroban_sdk::events::Events::publish`: use the #[contractevent] macro on a contract event type
   --> contracts/freelancer/src/lib.rs:111:22
    |
111 |         env.events().publish(
    |                      ^^^^^^^
    |
    = note: `#[warn(deprecated)]` on by default

warning: use of deprecated method `soroban_sdk::events::Events::publish`: use the #[contractevent] macro on a contract event type
   --> contracts/freelancer/src/lib.rs:172:22
    |
172 |         env.events().publish(
    |                      ^^^^^^^

warning: use of deprecated method `soroban_sdk::events::Events::publish`: use the #[contractevent] macro on a contract event type
   --> contracts/freelancer/src/lib.rs:256:22
    |
256 |         env.events().publish(
    |                      ^^^^^^^

warning: use of deprecated method `soroban_sdk::events::Events::publish`: use the #[contractevent] macro on a contract event type
   --> contracts/freelancer/src/lib.rs:348:22
    |
348 |         env.events().publish(
    |                      ^^^^^^^

warning: use of deprecated method `soroban_sdk::events::Events::publish`: use the #[contractevent] macro on a contract event type
   --> contracts/freelancer/src/lib.rs:376:26
    |
376 |             env.events().publish(
    |                          ^^^^^^^

warning: `stellar-freelancer-contract` (lib) generated 5 warnings
    Finished `dev` profile [unoptimized + debuginfo] target(s) in 0.73s
